d:\glog-master\glog.dir\debug\vc120.pdb
d:\glog-master\glog.dir\debug\port.obj
d:\glog-master\glog.dir\debug\signalhandler.obj
d:\glog-master\glog.dir\debug\vlog_is_on.obj
d:\glog-master\glog.dir\debug\utilities.obj
d:\glog-master\glog.dir\debug\symbolize.obj
d:\glog-master\glog.dir\debug\raw_logging.obj
d:\glog-master\glog.dir\debug\logging.obj
d:\glog-master\glog.dir\debug\demangle.obj
d:\glog-master\cmakefiles\generate.stamp
d:\glog-master\debug\glogd.lib
d:\glog-master\glog.dir\debug\glog.tlog\cl.command.1.tlog
d:\glog-master\glog.dir\debug\glog.tlog\cl.read.1.tlog
d:\glog-master\glog.dir\debug\glog.tlog\cl.write.1.tlog
d:\glog-master\glog.dir\debug\glog.tlog\custombuild.command.1.tlog
d:\glog-master\glog.dir\debug\glog.tlog\custombuild.read.1.tlog
d:\glog-master\glog.dir\debug\glog.tlog\custombuild.write.1.tlog
d:\glog-master\glog.dir\debug\glog.tlog\lib-link.read.1.tlog
d:\glog-master\glog.dir\debug\glog.tlog\lib-link.write.1.tlog
d:\glog-master\glog.dir\debug\glog.tlog\lib.command.1.tlog
